  [1m[35m (584.0ms)[0m  [1m[35mCREATE DATABASE "taskleaf_development" ENCODING = 'unicode'[0m
  â†³ bin/rails:9
  [1m[35m (372.7ms)[0m  [1m[35mCREATE DATABASE "taskleaf_test" ENCODING = 'unicode'[0m
  â†³ bin/rails:9
Started GET "/" for ::1 at 2019-11-17 19:37:55 +0900
Processing by Rails::WelcomeController#index as HTML
  Rendering /Users/daiki/.rvm/gems/ruby-2.6.0/gems/railties-5.2.3/lib/rails/templates/rails/welcome/index.html.erb
  Rendered /Users/daiki/.rvm/gems/ruby-2.6.0/gems/railties-5.2.3/lib/rails/templates/rails/welcome/index.html.erb (26.7ms)
Completed 200 OK in 111ms (Views: 85.3ms | ActiveRecord: 0.0ms)


Started GET "/" for ::1 at 2019-11-17 20:04:13 +0900
Processing by Rails::WelcomeController#index as HTML
  Rendering /Users/daiki/.rvm/gems/ruby-2.6.0/gems/railties-5.2.3/lib/rails/templates/rails/welcome/index.html.erb
  Rendered /Users/daiki/.rvm/gems/ruby-2.6.0/gems/railties-5.2.3/lib/rails/templates/rails/welcome/index.html.erb (1.7ms)
Completed 200 OK in 7ms (Views: 2.6ms | ActiveRecord: 0.0ms)


Started GET "/" for ::1 at 2019-11-17 20:04:56 +0900
Processing by Rails::WelcomeController#index as HTML
  Rendering /Users/daiki/.rvm/gems/ruby-2.6.0/gems/railties-5.2.3/lib/rails/templates/rails/welcome/index.html.erb
  Rendered /Users/daiki/.rvm/gems/ruby-2.6.0/gems/railties-5.2.3/lib/rails/templates/rails/welcome/index.html.erb (2.7ms)
Completed 200 OK in 11ms (Views: 6.9ms | ActiveRecord: 0.0ms)


Started GET "/" for ::1 at 2019-11-18 21:36:01 +0900
Processing by Rails::WelcomeController#index as HTML
  Rendering /Users/daiki/.rvm/gems/ruby-2.6.0/gems/railties-5.2.3/lib/rails/templates/rails/welcome/index.html.erb
  Rendered /Users/daiki/.rvm/gems/ruby-2.6.0/gems/railties-5.2.3/lib/rails/templates/rails/welcome/index.html.erb (2.8ms)
Completed 200 OK in 6ms (Views: 3.7ms | ActiveRecord: 0.0ms)


  [1m[35m (33.3ms)[0m  [1m[35mCREATE TABLE "schema_migrations" ("version" character varying NOT NULL PRIMARY KEY)[0m
  â†³ bin/rails:9
  [1m[35m (41.3ms)[0m  [1m[35mCREATE TABLE "ar_internal_metadata" ("key" character varying NOT NULL PRIMARY KEY, "value" character varying, "created_at" timestamp NOT NULL, "updated_at" timestamp NOT NULL)[0m
  â†³ bin/rails:9
  [1m[35m (0.9ms)[0m  [1m[34mSELECT pg_try_advisory_lock(3400679014569659550)[0m
  â†³ bin/rails:9
  [1m[35m (1.3ms)[0m  [1m[34mSELECT "schema_migrations"."version" FROM "schema_migrations" ORDER BY "schema_migrations"."version" ASC[0m
  â†³ bin/rails:9
Migrating to CreateTasks (20191118144712)
  [1m[35m (0.2ms)[0m  [1m[35mBEGIN[0m
  â†³ bin/rails:9
  [1m[35m (46.3ms)[0m  [1m[35mCREATE TABLE "tasks" ("id" bigserial primary key, "name" character varying, "description" text, "created_at" timestamp NOT NULL, "updated_at" timestamp NOT NULL)[0m
  â†³ db/migrate/20191118144712_create_tasks.rb:3
  [1m[36mActiveRecord::SchemaMigration Create (0.5ms)[0m  [1m[32mINSERT INTO "schema_migrations" ("version") VALUES ($1) RETURNING "version"[0m  [["version", "20191118144712"]]
  â†³ bin/rails:9
  [1m[35m (0.5ms)[0m  [1m[35mCOMMIT[0m
  â†³ bin/rails:9
  [1m[36mActiveRecord::InternalMetadata Load (1.3ms)[0m  [1m[34mSELECT  "ar_internal_metadata".* FROM "ar_internal_metadata" WHERE "ar_internal_metadata"."key" = $1 LIMIT $2[0m  [["key", "environment"], ["LIMIT", 1]]
  â†³ bin/rails:9
  [1m[35m (0.1ms)[0m  [1m[35mBEGIN[0m
  â†³ bin/rails:9
  [1m[36mActiveRecord::InternalMetadata Create (0.4ms)[0m  [1m[32mINSERT INTO "ar_internal_metadata" ("key", "value", "created_at", "updated_at") VALUES ($1, $2, $3, $4) RETURNING "key"[0m  [["key", "environment"], ["value", "development"], ["created_at", "2019-11-18 14:51:24.341654"], ["updated_at", "2019-11-18 14:51:24.341654"]]
  â†³ bin/rails:9
  [1m[35m (0.5ms)[0m  [1m[35mCOMMIT[0m
  â†³ bin/rails:9
  [1m[35m (0.3ms)[0m  [1m[34mSELECT pg_advisory_unlock(3400679014569659550)[0m
  â†³ bin/rails:9
  [1m[35m (0.2ms)[0m  [1m[34mSELECT "schema_migrations"."version" FROM "schema_migrations" ORDER BY "schema_migrations"."version" ASC[0m
  â†³ bin/rails:9
Started GET "/" for ::1 at 2019-11-19 00:01:19 +0900
  [1m[35m (1.3ms)[0m  [1m[34mSELECT "schema_migrations"."version" FROM "schema_migrations" ORDER BY "schema_migrations"."version" ASC[0m
  â†³ /Users/daiki/.rvm/gems/ruby-2.6.0/gems/activerecord-5.2.3/lib/active_record/log_subscriber.rb:98
Processing by TasksController#index as HTML
  Rendering tasks/index.html.slim within layouts/application
  Rendered tasks/index.html.slim within layouts/application (23.7ms)
Completed 200 OK in 2696ms (Views: 2690.6ms | ActiveRecord: 0.0ms)


Started GET "/" for ::1 at 2019-11-19 20:06:28 +0900
Processing by TasksController#index as HTML
  Rendering tasks/index.html.slim within layouts/application
  Rendered tasks/index.html.slim within layouts/application (2.8ms)
Completed 200 OK in 356ms (Views: 354.2ms | ActiveRecord: 0.0ms)


Started GET "/tasks/new" for ::1 at 2019-11-19 20:07:24 +0900
Processing by TasksController#new as HTML
  Rendering tasks/new.html.slim within layouts/application
  Rendered tasks/new.html.slim within layouts/application (2.8ms)
Completed 200 OK in 113ms (Views: 71.2ms | ActiveRecord: 0.0ms)


Started GET "/" for ::1 at 2019-11-19 20:07:26 +0900
Processing by TasksController#index as HTML
  Rendering tasks/index.html.slim within layouts/application
  Rendered tasks/index.html.slim within layouts/application (1.9ms)
Completed 200 OK in 26ms (Views: 24.8ms | ActiveRecord: 0.0ms)


Started GET "/tasks/new" for ::1 at 2019-11-19 20:14:20 +0900
Processing by TasksController#new as HTML
  Rendering tasks/new.html.slim within layouts/application
  Rendered tasks/new.html.slim within layouts/application (1.7ms)
Completed 200 OK in 183ms (Views: 73.5ms | ActiveRecord: 58.7ms)


Started GET "/" for ::1 at 2019-11-19 20:21:54 +0900
Processing by TasksController#index as HTML
  Rendering tasks/index.html.slim within layouts/application
  Rendered tasks/index.html.slim within layouts/application (2.3ms)
Completed 200 OK in 28ms (Views: 25.4ms | ActiveRecord: 0.0ms)


Started GET "/tasks/new" for ::1 at 2019-11-19 20:21:55 +0900
Processing by TasksController#new as HTML
  Rendering tasks/new.html.slim within layouts/application
  Rendered tasks/new.html.slim within layouts/application (591.4ms)
Completed 200 OK in 619ms (Views: 617.0ms | ActiveRecord: 0.0ms)


Started GET "/" for ::1 at 2019-11-19 20:22:34 +0900
  [1m[35m (1.2ms)[0m  [1m[34mSELECT "schema_migrations"."version" FROM "schema_migrations" ORDER BY "schema_migrations"."version" ASC[0m
  â†³ /Users/daiki/.rvm/gems/ruby-2.6.0/gems/activerecord-5.2.3/lib/active_record/log_subscriber.rb:98
Processing by TasksController#index as HTML
  Rendering tasks/index.html.slim within layouts/application
  Rendered tasks/index.html.slim within layouts/application (67.9ms)
Completed 200 OK in 635ms (Views: 630.3ms | ActiveRecord: 0.0ms)


Started GET "/tasks/new" for ::1 at 2019-11-19 20:22:36 +0900
Processing by TasksController#new as HTML
  Rendering tasks/new.html.slim within layouts/application
  Rendered tasks/new.html.slim within layouts/application (28.0ms)
Completed 200 OK in 68ms (Views: 52.2ms | ActiveRecord: 6.1ms)


Started GET "/tasks" for ::1 at 2019-11-19 20:22:41 +0900
Processing by TasksController#index as HTML
  Rendering tasks/index.html.slim within layouts/application
  Rendered tasks/index.html.slim within layouts/application (2.0ms)
Completed 200 OK in 29ms (Views: 28.3ms | ActiveRecord: 0.0ms)


Started GET "/tasks" for ::1 at 2019-11-19 20:22:55 +0900
Processing by TasksController#index as HTML
  Rendering tasks/index.html.slim within layouts/application
  Rendered tasks/index.html.slim within layouts/application (2.3ms)
Completed 200 OK in 26ms (Views: 24.4ms | ActiveRecord: 0.0ms)


Started GET "/tasks/new" for ::1 at 2019-11-19 20:22:56 +0900
Processing by TasksController#new as HTML
  Rendering tasks/new.html.slim within layouts/application
  Rendered tasks/new.html.slim within layouts/application (4.7ms)
Completed 200 OK in 30ms (Views: 28.9ms | ActiveRecord: 0.0ms)


Started GET "/" for ::1 at 2019-11-19 20:23:11 +0900
Processing by TasksController#index as HTML
  Rendering tasks/index.html.slim within layouts/application
  Rendered tasks/index.html.slim within layouts/application (2.0ms)
Completed 200 OK in 106ms (Views: 104.5ms | ActiveRecord: 0.0ms)


Started GET "/tasks/new" for ::1 at 2019-11-19 20:23:13 +0900
Processing by TasksController#new as HTML
  Rendering tasks/new.html.slim within layouts/application
  Rendered tasks/new.html.slim within layouts/application (4.2ms)
Completed 200 OK in 26ms (Views: 24.3ms | ActiveRecord: 0.0ms)


Started GET "/tasks/new" for ::1 at 2019-11-19 20:24:30 +0900
Processing by TasksController#new as HTML
  Rendering tasks/new.html.slim within layouts/application
  Rendered tasks/new.html.slim within layouts/application (13.7ms)
Completed 200 OK in 49ms (Views: 36.7ms | ActiveRecord: 5.8ms)


Started POST "/tasks" for ::1 at 2019-11-19 20:25:20 +0900
  
AbstractController::ActionNotFound (The action 'create' could not be found for TasksController):
  
actionpack (5.2.3) lib/abstract_controller/base.rb:129:in `process'
actionview (5.2.3) lib/action_view/rendering.rb:32:in `process'
actionpack (5.2.3) lib/action_controller/metal.rb:191:in `dispatch'
actionpack (5.2.3) lib/action_controller/metal.rb:252:in `dispatch'
actionpack (5.2.3) lib/action_dispatch/routing/route_set.rb:52:in `dispatch'
actionpack (5.2.3) lib/action_dispatch/routing/route_set.rb:34:in `serve'
actionpack (5.2.3) lib/action_dispatch/journey/router.rb:52:in `block in serve'
actionpack (5.2.3) lib/action_dispatch/journey/router.rb:35:in `each'
actionpack (5.2.3) lib/action_dispatch/journey/router.rb:35:in `serve'
actionpack (5.2.3) lib/action_dispatch/routing/route_set.rb:840:in `call'
rack (2.0.7) lib/rack/tempfile_reaper.rb:15:in `call'
rack (2.0.7) lib/rack/etag.rb:25:in `call'
rack (2.0.7) lib/rack/conditional_get.rb:38:in `call'
rack (2.0.7) lib/rack/head.rb:12:in `call'
actionpack (5.2.3) lib/action_dispatch/http/content_security_policy.rb:18:in `call'
rack (2.0.7) lib/rack/session/abstract/id.rb:232:in `context'
rack (2.0.7) lib/rack/session/abstract/id.rb:226:in `call'
actionpack (5.2.3) lib/action_dispatch/middleware/cookies.rb:670:in `call'
activerecord (5.2.3) lib/active_record/migration.rb:559:in `call'
actionpack (5.2.3) lib/action_dispatch/middleware/callbacks.rb:28:in `block in call'
activesupport (5.2.3) lib/active_support/callbacks.rb:98:in `run_callbacks'
actionpack (5.2.3) lib/action_dispatch/middleware/callbacks.rb:26:in `call'
actionpack (5.2.3) lib/action_dispatch/middleware/executor.rb:14:in `call'
actionpack (5.2.3) lib/action_dispatch/middleware/debug_exceptions.rb:61:in `call'
web-console (3.7.0) lib/web_console/middleware.rb:135:in `call_app'
web-console (3.7.0) lib/web_console/middleware.rb:30:in `block in call'
web-console (3.7.0) lib/web_console/middleware.rb:20:in `catch'
web-console (3.7.0) lib/web_console/middleware.rb:20:in `call'
actionpack (5.2.3) lib/action_dispatch/middleware/show_exceptions.rb:33:in `call'
railties (5.2.3) lib/rails/rack/logger.rb:38:in `call_app'
railties (5.2.3) lib/rails/rack/logger.rb:26:in `block in call'
activesupport (5.2.3) lib/active_support/tagged_logging.rb:71:in `block in tagged'
activesupport (5.2.3) lib/active_support/tagged_logging.rb:28:in `tagged'
activesupport (5.2.3) lib/active_support/tagged_logging.rb:71:in `tagged'
railties (5.2.3) lib/rails/rack/logger.rb:26:in `call'
sprockets-rails (3.2.1) lib/sprockets/rails/quiet_assets.rb:13:in `call'
actionpack (5.2.3) lib/action_dispatch/middleware/remote_ip.rb:81:in `call'
actionpack (5.2.3) lib/action_dispatch/middleware/request_id.rb:27:in `call'
rack (2.0.7) lib/rack/method_override.rb:22:in `call'
rack (2.0.7) lib/rack/runtime.rb:22:in `call'
activesupport (5.2.3) lib/active_support/cache/strategy/local_cache_middleware.rb:29:in `call'
actionpack (5.2.3) lib/action_dispatch/middleware/executor.rb:14:in `call'
actionpack (5.2.3) lib/action_dispatch/middleware/static.rb:127:in `call'
rack (2.0.7) lib/rack/sendfile.rb:111:in `call'
railties (5.2.3) lib/rails/engine.rb:524:in `call'
puma (3.12.1) lib/puma/configuration.rb:227:in `call'
puma (3.12.1) lib/puma/server.rb:660:in `handle_request'
puma (3.12.1) lib/puma/server.rb:474:in `process_client'
puma (3.12.1) lib/puma/server.rb:334:in `block in run'
puma (3.12.1) lib/puma/thread_pool.rb:135:in `block in spawn_thread'
Started GET "/" for ::1 at 2019-11-19 20:34:31 +0900
  
SyntaxError (/Users/daiki/rails_study/taskleaf/app/controllers/tasks_controller.rb:18: syntax error, unexpected tLABEL, expecting '='
... redirect_to_tasks_url, notice: "ã‚¿ã‚¹ã‚¯ã€Œ#{task.name}ã€...
...                        ^~~~~~~):
  
app/controllers/tasks_controller.rb:18: syntax error, unexpected tLABEL, expecting '='
Started GET "/" for ::1 at 2019-11-19 20:34:39 +0900
  
SyntaxError (/Users/daiki/rails_study/taskleaf/app/controllers/tasks_controller.rb:18: syntax error, unexpected tLABEL, expecting '='
... redirect_to_tasks_url, notice: "ã‚¿ã‚¹ã‚¯ã€Œ#{task.name}ã€...
...                        ^~~~~~~):
  
app/controllers/tasks_controller.rb:18: syntax error, unexpected tLABEL, expecting '='
Started GET "/" for ::1 at 2019-11-19 20:35:52 +0900
Processing by TasksController#index as HTML
  Rendering tasks/index.html.slim within layouts/application
  Rendered tasks/index.html.slim within layouts/application (2.3ms)
Completed 200 OK in 73ms (Views: 71.6ms | ActiveRecord: 0.0ms)


Started GET "/tasks/new" for ::1 at 2019-11-19 20:35:53 +0900
Processing by TasksController#new as HTML
  Rendering tasks/new.html.slim within layouts/application
  Rendered tasks/new.html.slim within layouts/application (3.8ms)
Completed 200 OK in 91ms (Views: 31.3ms | ActiveRecord: 51.8ms)


Started POST "/tasks" for ::1 at 2019-11-19 20:36:02 +0900
Processing by TasksController#create as HTML
  Parameters: {"utf8"=>"âœ“", "authenticity_token"=>"obJl7phN7hlWympbZQp0B3916vNtnDvCtTNAPca+e55SwoS0BX00NZGq6dx6Bw71w9BHs7XnuCpdSIoWWehKFw==", "task"=>{"name"=>"ãƒ†ã‚¹ãƒˆ", "description"=>"ãƒ†ã‚¹ãƒˆæŠ•ç¨¿"}, "commit"=>"ç™»éŒ²ã™ã‚‹"}
  [1m[35m (0.1ms)[0m  [1m[35mBEGIN[0m
  â†³ app/controllers/tasks_controller.rb:17
  [1m[36mTask Create (1.6ms)[0m  [1m[32mINSERT INTO "tasks" ("name", "description", "created_at", "updated_at") VALUES ($1, $2, $3, $4) RETURNING "id"[0m  [["name", "ãƒ†ã‚¹ãƒˆ"], ["description", "ãƒ†ã‚¹ãƒˆæŠ•ç¨¿"], ["created_at", "2019-11-19 11:36:02.582965"], ["updated_at", "2019-11-19 11:36:02.582965"]]
  â†³ app/controllers/tasks_controller.rb:17
  [1m[35m (40.6ms)[0m  [1m[35mCOMMIT[0m
  â†³ app/controllers/tasks_controller.rb:17
Redirected to http://localhost:3000/tasks
Completed 302 Found in 46ms (ActiveRecord: 42.3ms)


Started GET "/tasks" for ::1 at 2019-11-19 20:36:02 +0900
Processing by TasksController#index as HTML
  Rendering tasks/index.html.slim within layouts/application
  Rendered tasks/index.html.slim within layouts/application (3.4ms)
Completed 200 OK in 38ms (Views: 36.5ms | ActiveRecord: 0.0ms)


Started GET "/tasks" for ::1 at 2019-11-19 20:36:30 +0900
Processing by TasksController#index as HTML
  Rendering tasks/index.html.slim within layouts/application
  Rendered tasks/index.html.slim within layouts/application (2.2ms)
Completed 200 OK in 29ms (Views: 28.4ms | ActiveRecord: 0.0ms)


Started GET "/" for ::1 at 2019-11-19 20:37:04 +0900
Processing by TasksController#index as HTML
  Rendering tasks/index.html.slim within layouts/application
  Rendered tasks/index.html.slim within layouts/application (2.2ms)
Completed 200 OK in 38ms (Views: 36.6ms | ActiveRecord: 0.0ms)


Started GET "/" for ::1 at 2019-11-19 22:02:27 +0900
Processing by TasksController#index as HTML
  Rendering tasks/index.html.slim within layouts/application
  [1m[36mTask Load (234.8ms)[0m  [1m[34mSELECT "tasks".* FROM "tasks"[0m
  â†³ app/views/tasks/index.html.slim:12
  Rendered tasks/index.html.slim within layouts/application (262.6ms)
Completed 200 OK in 372ms (Views: 123.5ms | ActiveRecord: 245.0ms)


Started GET "/tasks/new" for ::1 at 2019-11-19 22:02:44 +0900
Processing by TasksController#new as HTML
  Rendering tasks/new.html.slim within layouts/application
  Rendered tasks/new.html.slim within layouts/application (4.1ms)
Completed 200 OK in 30ms (Views: 28.3ms | ActiveRecord: 0.0ms)


Started POST "/tasks" for ::1 at 2019-11-19 22:02:59 +0900
Processing by TasksController#create as HTML
  Parameters: {"utf8"=>"âœ“", "authenticity_token"=>"Z6q6HlC3c9/E4TOj7mB3kJdkf4hRknTkSRIyUvGtHpjd9LUgQ5InszzMkZxqyT3yJwAEnXLMKSiSnkqt2JxYcw==", "task"=>{"name"=>"ãƒ†ã‚¹ãƒˆã‚¿ã‚¹ã‚¯", "description"=>"ãƒ†ã‚¹ãƒˆã‚¿ã‚¹ã‚¯è©³ç´°"}, "commit"=>"ç™»éŒ²ã™ã‚‹"}
  [1m[35m (0.2ms)[0m  [1m[35mBEGIN[0m
  â†³ app/controllers/tasks_controller.rb:18
  [1m[36mTask Create (0.6ms)[0m  [1m[32mINSERT INTO "tasks" ("name", "description", "created_at", "updated_at") VALUES ($1, $2, $3, $4) RETURNING "id"[0m  [["name", "ãƒ†ã‚¹ãƒˆã‚¿ã‚¹ã‚¯"], ["description", "ãƒ†ã‚¹ãƒˆã‚¿ã‚¹ã‚¯è©³ç´°"], ["created_at", "2019-11-19 13:02:59.107411"], ["updated_at", "2019-11-19 13:02:59.107411"]]
  â†³ app/controllers/tasks_controller.rb:18
  [1m[35m (39.7ms)[0m  [1m[35mCOMMIT[0m
  â†³ app/controllers/tasks_controller.rb:18
Redirected to http://localhost:3000/tasks
Completed 302 Found in 45ms (ActiveRecord: 40.5ms)


Started GET "/tasks" for ::1 at 2019-11-19 22:02:59 +0900
Processing by TasksController#index as HTML
  Rendering tasks/index.html.slim within layouts/application
  [1m[36mTask Load (0.2ms)[0m  [1m[34mSELECT "tasks".* FROM "tasks"[0m
  â†³ app/views/tasks/index.html.slim:12
  Rendered tasks/index.html.slim within layouts/application (4.1ms)
Completed 200 OK in 28ms (Views: 25.9ms | ActiveRecord: 0.2ms)


Started GET "/tasks" for ::1 at 2019-11-19 22:03:05 +0900
Processing by TasksController#index as HTML
  Rendering tasks/index.html.slim within layouts/application
  [1m[36mTask Load (0.2ms)[0m  [1m[34mSELECT "tasks".* FROM "tasks"[0m
  â†³ app/views/tasks/index.html.slim:12
  Rendered tasks/index.html.slim within layouts/application (4.3ms)
Completed 200 OK in 26ms (Views: 25.0ms | ActiveRecord: 0.2ms)


Started GET "/tasks" for ::1 at 2019-11-19 22:11:00 +0900
Processing by TasksController#index as HTML
  Rendering tasks/index.html.slim within layouts/application
  [1m[36mTask Load (0.4ms)[0m  [1m[34mSELECT "tasks".* FROM "tasks"[0m
  â†³ app/views/tasks/index.html.slim:12
  Rendered tasks/index.html.slim within layouts/application (3.8ms)
Completed 200 OK in 26ms (Views: 23.1ms | ActiveRecord: 0.4ms)


Started GET "/tasks" for ::1 at 2019-11-19 22:11:37 +0900
Processing by TasksController#index as HTML
  Rendering tasks/index.html.slim within layouts/application
  [1m[36mTask Load (0.3ms)[0m  [1m[34mSELECT "tasks".* FROM "tasks"[0m
  â†³ app/views/tasks/index.html.slim:12
  Rendered tasks/index.html.slim within layouts/application (4.2ms)
Completed 200 OK in 75ms (Views: 72.6ms | ActiveRecord: 0.3ms)


Started GET "/tasks" for ::1 at 2019-11-20 19:19:42 +0900
  [1m[35m (2.4ms)[0m  [1m[34mSELECT "schema_migrations"."version" FROM "schema_migrations" ORDER BY "schema_migrations"."version" ASC[0m
  â†³ /Users/daiki/.rvm/gems/ruby-2.6.0/gems/activerecord-5.2.3/lib/active_record/log_subscriber.rb:98
Processing by TasksController#index as HTML
  Rendering tasks/index.html.slim within layouts/application
  [1m[36mTask Load (1.6ms)[0m  [1m[34mSELECT "tasks".* FROM "tasks"[0m
  â†³ app/views/tasks/index.html.slim:12
  Rendered tasks/index.html.slim within layouts/application (36.9ms)
Completed 200 OK in 969ms (Views: 950.9ms | ActiveRecord: 8.5ms)


Started GET "/tasks" for ::1 at 2019-11-20 23:49:25 +0900
Processing by TasksController#index as HTML
  Rendering tasks/index.html.slim within layouts/application
  [1m[36mTask Load (41.8ms)[0m  [1m[34mSELECT "tasks".* FROM "tasks"[0m
  â†³ app/views/tasks/index.html.slim:12
  Rendered tasks/index.html.slim within layouts/application (65.9ms)
Completed 200 OK in 205ms (Views: 142.9ms | ActiveRecord: 56.6ms)


Started GET "/tasks/1" for ::1 at 2019-11-20 23:49:27 +0900
Processing by TasksController#show as HTML
  Parameters: {"id"=>"1"}
  [1m[36mTask Load (0.7ms)[0m  [1m[34mSELECT  "tasks".* FROM "tasks" WHERE "tasks"."id" = $1 LIMIT $2[0m  [["id", 1], ["LIMIT", 1]]
  â†³ app/controllers/tasks_controller.rb:7
  Rendering tasks/show.html.slim within layouts/application
  Rendered tasks/show.html.slim within layouts/application (3.8ms)
Completed 200 OK in 106ms (Views: 54.1ms | ActiveRecord: 1.0ms)


Started GET "/tasks/2" for ::1 at 2019-11-20 23:49:29 +0900
Processing by TasksController#show as HTML
  Parameters: {"id"=>"2"}
  [1m[36mTask Load (0.3ms)[0m  [1m[34mSELECT  "tasks".* FROM "tasks" WHERE "tasks"."id" = $1 LIMIT $2[0m  [["id", 2], ["LIMIT", 1]]
  â†³ app/controllers/tasks_controller.rb:7
  Rendering tasks/show.html.slim within layouts/application
  Rendered tasks/show.html.slim within layouts/application (2.2ms)
Completed 200 OK in 31ms (Views: 28.5ms | ActiveRecord: 0.3ms)


Started GET "/tasks" for ::1 at 2019-11-20 23:55:19 +0900
Processing by TasksController#index as HTML
  Rendering tasks/index.html.slim within layouts/application
  [1m[36mTask Load (0.5ms)[0m  [1m[34mSELECT "tasks".* FROM "tasks"[0m
  â†³ app/views/tasks/index.html.slim:12
  Rendered tasks/index.html.slim within layouts/application (4.2ms)
Completed 200 OK in 25ms (Views: 24.2ms | ActiveRecord: 0.5ms)


Started GET "/tasks/1" for ::1 at 2019-11-20 23:55:20 +0900
Processing by TasksController#show as HTML
  Parameters: {"id"=>"1"}
  [1m[36mTask Load (0.4ms)[0m  [1m[34mSELECT  "tasks".* FROM "tasks" WHERE "tasks"."id" = $1 LIMIT $2[0m  [["id", 1], ["LIMIT", 1]]
  â†³ app/controllers/tasks_controller.rb:7
  Rendering tasks/show.html.slim within layouts/application
  Rendered tasks/show.html.slim within layouts/application (3.9ms)
Completed 200 OK in 31ms (Views: 26.6ms | ActiveRecord: 0.8ms)


Started GET "/tasks" for ::1 at 2019-11-20 23:55:30 +0900
Processing by TasksController#index as HTML
  Rendering tasks/index.html.slim within layouts/application
  [1m[36mTask Load (0.2ms)[0m  [1m[34mSELECT "tasks".* FROM "tasks"[0m
  â†³ app/views/tasks/index.html.slim:12
  Rendered tasks/index.html.slim within layouts/application (3.5ms)
Completed 200 OK in 24ms (Views: 22.7ms | ActiveRecord: 0.2ms)


Started GET "/tasks/2" for ::1 at 2019-11-20 23:55:32 +0900
Processing by TasksController#show as HTML
  Parameters: {"id"=>"2"}
  [1m[36mTask Load (0.2ms)[0m  [1m[34mSELECT  "tasks".* FROM "tasks" WHERE "tasks"."id" = $1 LIMIT $2[0m  [["id", 2], ["LIMIT", 1]]
  â†³ app/controllers/tasks_controller.rb:7
  Rendering tasks/show.html.slim within layouts/application
  Rendered tasks/show.html.slim within layouts/application (3.5ms)
Completed 200 OK in 29ms (Views: 27.4ms | ActiveRecord: 0.2ms)


Started GET "/tasks" for ::1 at 2019-11-20 23:55:34 +0900
Processing by TasksController#index as HTML
  Rendering tasks/index.html.slim within layouts/application
  [1m[36mTask Load (0.2ms)[0m  [1m[34mSELECT "tasks".* FROM "tasks"[0m
  â†³ app/views/tasks/index.html.slim:12
  Rendered tasks/index.html.slim within layouts/application (4.1ms)
Completed 200 OK in 27ms (Views: 25.8ms | ActiveRecord: 0.2ms)


Started GET "/tasks" for ::1 at 2019-11-24 20:23:41 +0900
  [1m[35m (2.0ms)[0m  [1m[34mSELECT "schema_migrations"."version" FROM "schema_migrations" ORDER BY "schema_migrations"."version" ASC[0m
  â†³ /Users/daiki/.rvm/gems/ruby-2.6.0/gems/activerecord-5.2.3/lib/active_record/log_subscriber.rb:98
Processing by TasksController#index as HTML
  Rendering tasks/index.html.slim within layouts/application
  [1m[36mTask Load (2.0ms)[0m  [1m[34mSELECT "tasks".* FROM "tasks"[0m
  â†³ app/views/tasks/index.html.slim:12
  Rendered tasks/index.html.slim within layouts/application (177.9ms)
Completed 200 OK in 1405ms (Views: 1303.5ms | ActiveRecord: 8.2ms)


Started GET "/tasks/2" for ::1 at 2019-11-24 23:26:26 +0900
Processing by TasksController#show as HTML
  Parameters: {"id"=>"2"}
  [1m[36mTask Load (1.6ms)[0m  [1m[34mSELECT  "tasks".* FROM "tasks" WHERE "tasks"."id" = $1 LIMIT $2[0m  [["id", 2], ["LIMIT", 1]]
  â†³ app/controllers/tasks_controller.rb:7
  Rendering tasks/show.html.slim within layouts/application
  Rendered tasks/show.html.slim within layouts/application (5.4ms)
Completed 200 OK in 311ms (Views: 168.7ms | ActiveRecord: 1.9ms)


Started GET "/tasks" for ::1 at 2019-11-24 23:29:19 +0900
Processing by TasksController#index as HTML
  Rendering tasks/index.html.slim within layouts/application
  [1m[36mTask Load (0.2ms)[0m  [1m[34mSELECT "tasks".* FROM "tasks"[0m
  â†³ app/views/tasks/index.html.slim:13
  Rendered tasks/index.html.slim within layouts/application (4.9ms)
Completed 200 OK in 30ms (Views: 28.1ms | ActiveRecord: 0.2ms)


Started GET "/tasks/1/edit" for ::1 at 2019-11-24 23:29:22 +0900
Processing by TasksController#edit as HTML
  Parameters: {"id"=>"1"}
  Rendering tasks/edit.html.slim within layouts/application
  Rendered tasks/edit.html.slim within layouts/application (3.3ms)
Completed 200 OK in 33ms (Views: 30.3ms | ActiveRecord: 0.0ms)


Started GET "/tasks/1" for ::1 at 2019-11-24 23:30:36 +0900
Processing by TasksController#show as HTML
  Parameters: {"id"=>"1"}
  [1m[36mTask Load (0.2ms)[0m  [1m[34mSELECT  "tasks".* FROM "tasks" WHERE "tasks"."id" = $1 LIMIT $2[0m  [["id", 1], ["LIMIT", 1]]
  â†³ app/controllers/tasks_controller.rb:7
  Rendering tasks/show.html.slim within layouts/application
  Rendered tasks/show.html.slim within layouts/application (5.7ms)
Completed 200 OK in 35ms (Views: 32.1ms | ActiveRecord: 0.2ms)


Started GET "/tasks/1/edit" for ::1 at 2019-11-24 23:30:39 +0900
Processing by TasksController#edit as HTML
  Parameters: {"id"=>"1"}
  Rendering tasks/edit.html.slim within layouts/application
  Rendered tasks/edit.html.slim within layouts/application (2.4ms)
Completed 200 OK in 61ms (Views: 60.0ms | ActiveRecord: 0.0ms)


Started GET "/tasks" for ::1 at 2019-11-24 23:34:28 +0900
Processing by TasksController#index as HTML
  Rendering tasks/index.html.slim within layouts/application
  [1m[36mTask Load (0.3ms)[0m  [1m[34mSELECT "tasks".* FROM "tasks"[0m
  â†³ app/views/tasks/index.html.slim:13
  Rendered tasks/index.html.slim within layouts/application (63.4ms)
Completed 200 OK in 129ms (Views: 28.7ms | ActiveRecord: 55.3ms)


Started GET "/tasks/1/edit" for ::1 at 2019-11-24 23:34:34 +0900
Processing by TasksController#edit as HTML
  Parameters: {"id"=>"1"}
  [1m[36mTask Load (0.3ms)[0m  [1m[34mSELECT  "tasks".* FROM "tasks" WHERE "tasks"."id" = $1 LIMIT $2[0m  [["id", 1], ["LIMIT", 1]]
  â†³ app/controllers/tasks_controller.rb:15
  Rendering tasks/edit.html.slim within layouts/application
  Rendered tasks/edit.html.slim within layouts/application (192.0ms)
Completed 200 OK in 215ms (Views: 212.1ms | ActiveRecord: 0.3ms)


Started GET "/tasks/1/edit" for ::1 at 2019-11-24 23:34:36 +0900
Processing by TasksController#edit as HTML
  Parameters: {"id"=>"1"}
  [1m[36mTask Load (0.3ms)[0m  [1m[34mSELECT  "tasks".* FROM "tasks" WHERE "tasks"."id" = $1 LIMIT $2[0m  [["id", 1], ["LIMIT", 1]]
  â†³ app/controllers/tasks_controller.rb:15
  Rendering tasks/edit.html.slim within layouts/application
  Rendered tasks/edit.html.slim within layouts/application (3.6ms)
Completed 200 OK in 38ms (Views: 36.3ms | ActiveRecord: 0.3ms)


Started GET "/tasks" for ::1 at 2019-11-24 23:34:38 +0900
Processing by TasksController#index as HTML
  Rendering tasks/index.html.slim within layouts/application
  [1m[36mTask Load (0.3ms)[0m  [1m[34mSELECT "tasks".* FROM "tasks"[0m
  â†³ app/views/tasks/index.html.slim:13
  Rendered tasks/index.html.slim within layouts/application (10.9ms)
Completed 200 OK in 49ms (Views: 48.2ms | ActiveRecord: 0.3ms)


Started GET "/tasks/1/edit" for ::1 at 2019-11-24 23:34:39 +0900
Processing by TasksController#edit as HTML
  Parameters: {"id"=>"1"}
  [1m[36mTask Load (0.3ms)[0m  [1m[34mSELECT  "tasks".* FROM "tasks" WHERE "tasks"."id" = $1 LIMIT $2[0m  [["id", 1], ["LIMIT", 1]]
  â†³ app/controllers/tasks_controller.rb:15
  Rendering tasks/edit.html.slim within layouts/application
  Rendered tasks/edit.html.slim within layouts/application (10.0ms)
Completed 200 OK in 52ms (Views: 49.8ms | ActiveRecord: 0.3ms)


Started PATCH "/tasks/1" for ::1 at 2019-11-24 23:34:49 +0900
Processing by TasksController#update as HTML
  Parameters: {"utf8"=>"âœ“", "authenticity_token"=>"DA+62Mbr9qZZRtyNstGBf18oI92cVld+SQldwAm8AZH98zERP+qQOtxk6GOu9op9Ihdt8WU9kgVLgb/r0kjfCw==", "task"=>{"name"=>"ãƒ†ã‚¹ãƒˆ1", "description"=>"ãƒ†ã‚¹ãƒˆæŠ•ç¨¿\r\nä¿®æ­£"}, "commit"=>"æ›´æ–°ã™ã‚‹", "id"=>"1"}
Completed 500 Internal Server Error in 191ms (ActiveRecord: 0.0ms)


  
NameError (undefined local variable or method `param' for #<TasksController:0x00007f81154a8128>
Did you mean?  params
               params=
               @_params):
  
app/controllers/tasks_controller.rb:19:in `update'
Started GET "/" for ::1 at 2019-11-24 23:35:32 +0900
Processing by TasksController#index as HTML
  Rendering tasks/index.html.slim within layouts/application
  [1m[36mTask Load (0.2ms)[0m  [1m[34mSELECT "tasks".* FROM "tasks"[0m
  â†³ app/views/tasks/index.html.slim:13
  Rendered tasks/index.html.slim within layouts/application (20.6ms)
Completed 200 OK in 50ms (Views: 43.9ms | ActiveRecord: 3.3ms)


Started GET "/tasks/1/edit" for ::1 at 2019-11-24 23:35:34 +0900
Processing by TasksController#edit as HTML
  Parameters: {"id"=>"1"}
  [1m[36mTask Load (0.3ms)[0m  [1m[34mSELECT  "tasks".* FROM "tasks" WHERE "tasks"."id" = $1 LIMIT $2[0m  [["id", 1], ["LIMIT", 1]]
  â†³ app/controllers/tasks_controller.rb:15
  Rendering tasks/edit.html.slim within layouts/application
  Rendered tasks/edit.html.slim within layouts/application (8.0ms)
Completed 200 OK in 41ms (Views: 38.9ms | ActiveRecord: 0.3ms)


Started PATCH "/tasks/1" for ::1 at 2019-11-24 23:35:40 +0900
Processing by TasksController#update as HTML
  Parameters: {"utf8"=>"âœ“", "authenticity_token"=>"ElJqBIzOMsYiBlp1XbxQXA+ZJw9BTnobAGgO4/GU1U7jruHNdc9UWqckbptBm1tecqZpI7glv2AC4OzIKmAL1A==", "task"=>{"name"=>"ãƒ†ã‚¹ãƒˆ1", "description"=>"ãƒ†ã‚¹ãƒˆæŠ•ç¨¿\r\nä¿®æ­£å¾Œ"}, "commit"=>"æ›´æ–°ã™ã‚‹", "id"=>"1"}
  [1m[36mTask Load (0.2ms)[0m  [1m[34mSELECT  "tasks".* FROM "tasks" WHERE "tasks"."id" = $1 LIMIT $2[0m  [["id", 1], ["LIMIT", 1]]
  â†³ app/controllers/tasks_controller.rb:19
  [1m[35m (0.1ms)[0m  [1m[35mBEGIN[0m
  â†³ app/controllers/tasks_controller.rb:20
  [1m[36mTask Update (0.3ms)[0m  [1m[33mUPDATE "tasks" SET "name" = $1, "description" = $2, "updated_at" = $3 WHERE "tasks"."id" = $4[0m  [["name", "ãƒ†ã‚¹ãƒˆ1"], ["description", "ãƒ†ã‚¹ãƒˆæŠ•ç¨¿\r\nä¿®æ­£å¾Œ"], ["updated_at", "2019-11-24 14:35:40.221933"], ["id", 1]]
  â†³ app/controllers/tasks_controller.rb:20
  [1m[35m (40.7ms)[0m  [1m[35mCOMMIT[0m
  â†³ app/controllers/tasks_controller.rb:20
Redirected to http://localhost:3000/tasks
Completed 302 Found in 46ms (ActiveRecord: 41.3ms)


Started GET "/tasks" for ::1 at 2019-11-24 23:35:40 +0900
Processing by TasksController#index as HTML
  Rendering tasks/index.html.slim within layouts/application
  [1m[36mTask Load (0.3ms)[0m  [1m[34mSELECT "tasks".* FROM "tasks"[0m
  â†³ app/views/tasks/index.html.slim:13
  Rendered tasks/index.html.slim within layouts/application (9.3ms)
Completed 200 OK in 46ms (Views: 44.6ms | ActiveRecord: 0.3ms)


Started GET "/tasks/1" for ::1 at 2019-11-24 23:35:43 +0900
Processing by TasksController#show as HTML
  Parameters: {"id"=>"1"}
  [1m[36mTask Load (0.2ms)[0m  [1m[34mSELECT  "tasks".* FROM "tasks" WHERE "tasks"."id" = $1 LIMIT $2[0m  [["id", 1], ["LIMIT", 1]]
  â†³ app/controllers/tasks_controller.rb:7
  Rendering tasks/show.html.slim within layouts/application
  Rendered tasks/show.html.slim within layouts/application (8.0ms)
Completed 200 OK in 66ms (Views: 63.7ms | ActiveRecord: 0.2ms)


Started GET "/tasks" for ::1 at 2019-11-24 23:35:50 +0900
Processing by TasksController#index as HTML
  Rendering tasks/index.html.slim within layouts/application
  [1m[36mTask Load (0.2ms)[0m  [1m[34mSELECT "tasks".* FROM "tasks"[0m
  â†³ app/views/tasks/index.html.slim:13
  Rendered tasks/index.html.slim within layouts/application (5.8ms)
Completed 200 OK in 29ms (Views: 28.0ms | ActiveRecord: 0.2ms)


Started GET "/tasks/2" for ::1 at 2019-11-24 23:35:51 +0900
Processing by TasksController#show as HTML
  Parameters: {"id"=>"2"}
  [1m[36mTask Load (0.2ms)[0m  [1m[34mSELECT  "tasks".* FROM "tasks" WHERE "tasks"."id" = $1 LIMIT $2[0m  [["id", 2], ["LIMIT", 1]]
  â†³ app/controllers/tasks_controller.rb:7
  Rendering tasks/show.html.slim within layouts/application
  Rendered tasks/show.html.slim within layouts/application (5.2ms)
Completed 200 OK in 33ms (Views: 31.3ms | ActiveRecord: 0.2ms)


Started GET "/tasks/2/edit" for ::1 at 2019-11-24 23:35:53 +0900
Processing by TasksController#edit as HTML
  Parameters: {"id"=>"2"}
  [1m[36mTask Load (0.2ms)[0m  [1m[34mSELECT  "tasks".* FROM "tasks" WHERE "tasks"."id" = $1 LIMIT $2[0m  [["id", 2], ["LIMIT", 1]]
  â†³ app/controllers/tasks_controller.rb:15
  Rendering tasks/edit.html.slim within layouts/application
  Rendered tasks/edit.html.slim within layouts/application (5.6ms)
Completed 200 OK in 36ms (Views: 33.8ms | ActiveRecord: 0.2ms)


Started PATCH "/tasks/2" for ::1 at 2019-11-24 23:36:08 +0900
Processing by TasksController#update as HTML
  Parameters: {"utf8"=>"âœ“", "authenticity_token"=>"07LgiQKrdxyZf/2bLcVcga60H1LoBH460RTtIYrgSYyzTarF0Sku90fBFOkemtQaRzN8KUWneQt4ffkYGo2gdQ==", "task"=>{"name"=>"ãƒ†ã‚¹ãƒˆã‚¿ã‚¹ã‚¯ä¿®æ­£å¾Œ", "description"=>"ãƒ†ã‚¹ãƒˆã‚¿ã‚¹ã‚¯è©³ç´°\r\nä¿®æ­£å¾Œ"}, "commit"=>"æ›´æ–°ã™ã‚‹", "id"=>"2"}
  [1m[36mTask Load (0.2ms)[0m  [1m[34mSELECT  "tasks".* FROM "tasks" WHERE "tasks"."id" = $1 LIMIT $2[0m  [["id", 2], ["LIMIT", 1]]
  â†³ app/controllers/tasks_controller.rb:19
  [1m[35m (0.1ms)[0m  [1m[35mBEGIN[0m
  â†³ app/controllers/tasks_controller.rb:20
  [1m[36mTask Update (0.3ms)[0m  [1m[33mUPDATE "tasks" SET "name" = $1, "description" = $2, "updated_at" = $3 WHERE "tasks"."id" = $4[0m  [["name", "ãƒ†ã‚¹ãƒˆã‚¿ã‚¹ã‚¯ä¿®æ­£å¾Œ"], ["description", "ãƒ†ã‚¹ãƒˆã‚¿ã‚¹ã‚¯è©³ç´°\r\nä¿®æ­£å¾Œ"], ["updated_at", "2019-11-24 14:36:08.258868"], ["id", 2]]
  â†³ app/controllers/tasks_controller.rb:20
  [1m[35m (39.5ms)[0m  [1m[35mCOMMIT[0m
  â†³ app/controllers/tasks_controller.rb:20
Redirected to http://localhost:3000/tasks
Completed 302 Found in 43ms (ActiveRecord: 40.0ms)


Started GET "/tasks" for ::1 at 2019-11-24 23:36:08 +0900
Processing by TasksController#index as HTML
  Rendering tasks/index.html.slim within layouts/application
  [1m[36mTask Load (0.2ms)[0m  [1m[34mSELECT "tasks".* FROM "tasks"[0m
  â†³ app/views/tasks/index.html.slim:13
  Rendered tasks/index.html.slim within layouts/application (3.6ms)
Completed 200 OK in 39ms (Views: 37.7ms | ActiveRecord: 0.2ms)


Started GET "/tasks/2" for ::1 at 2019-11-24 23:36:10 +0900
Processing by TasksController#show as HTML
  Parameters: {"id"=>"2"}
  [1m[36mTask Load (0.2ms)[0m  [1m[34mSELECT  "tasks".* FROM "tasks" WHERE "tasks"."id" = $1 LIMIT $2[0m  [["id", 2], ["LIMIT", 1]]
  â†³ app/controllers/tasks_controller.rb:7
  Rendering tasks/show.html.slim within layouts/application
  Rendered tasks/show.html.slim within layouts/application (13.3ms)
Completed 200 OK in 44ms (Views: 41.8ms | ActiveRecord: 0.2ms)


Started GET "/tasks/2" for ::1 at 2019-11-26 23:14:45 +0900
Processing by TasksController#show as HTML
  Parameters: {"id"=>"2"}
  [1m[36mTask Load (3.0ms)[0m  [1m[34mSELECT  "tasks".* FROM "tasks" WHERE "tasks"."id" = $1 LIMIT $2[0m  [["id", 2], ["LIMIT", 1]]
  â†³ app/controllers/tasks_controller.rb:7
  Rendering tasks/show.html.slim within layouts/application
  Rendered tasks/show.html.slim within layouts/application (34.3ms)
Completed 200 OK in 551ms (Views: 450.5ms | ActiveRecord: 5.1ms)


Started GET "/tasks/2/edit" for ::1 at 2019-11-26 23:14:48 +0900
Processing by TasksController#edit as HTML
  Parameters: {"id"=>"2"}
  [1m[36mTask Load (0.3ms)[0m  [1m[34mSELECT  "tasks".* FROM "tasks" WHERE "tasks"."id" = $1 LIMIT $2[0m  [["id", 2], ["LIMIT", 1]]
  â†³ app/controllers/tasks_controller.rb:15
  Rendering tasks/edit.html.slim within layouts/application
  Rendered tasks/edit.html.slim within layouts/application (11.8ms)
Completed 200 OK in 92ms (Views: 48.9ms | ActiveRecord: 0.3ms)


Started GET "/tasks" for ::1 at 2019-11-26 23:14:50 +0900
Processing by TasksController#index as HTML
  Rendering tasks/index.html.slim within layouts/application
  [1m[36mTask Load (0.3ms)[0m  [1m[34mSELECT "tasks".* FROM "tasks"[0m
  â†³ app/views/tasks/index.html.slim:13
  Rendered tasks/index.html.slim within layouts/application (10.9ms)
Completed 200 OK in 42ms (Views: 39.3ms | ActiveRecord: 0.3ms)


Started GET "/tasks/new" for ::1 at 2019-11-26 23:14:53 +0900
Processing by TasksController#new as HTML
  Rendering tasks/new.html.slim within layouts/application
  Rendered tasks/new.html.slim within layouts/application (5.9ms)
Completed 200 OK in 169ms (Views: 122.6ms | ActiveRecord: 0.0ms)


Started GET "/tasks" for ::1 at 2019-11-26 23:14:55 +0900
Processing by TasksController#index as HTML
  Rendering tasks/index.html.slim within layouts/application
  [1m[36mTask Load (0.2ms)[0m  [1m[34mSELECT "tasks".* FROM "tasks"[0m
  â†³ app/views/tasks/index.html.slim:13
  Rendered tasks/index.html.slim within layouts/application (4.8ms)
Completed 200 OK in 32ms (Views: 30.8ms | ActiveRecord: 0.2ms)


Started GET "/tasks/1/edit" for ::1 at 2019-11-26 23:14:57 +0900
Processing by TasksController#edit as HTML
  Parameters: {"id"=>"1"}
  [1m[36mTask Load (0.3ms)[0m  [1m[34mSELECT  "tasks".* FROM "tasks" WHERE "tasks"."id" = $1 LIMIT $2[0m  [["id", 1], ["LIMIT", 1]]
  â†³ app/controllers/tasks_controller.rb:15
  Rendering tasks/edit.html.slim within layouts/application
  Rendered tasks/edit.html.slim within layouts/application (5.5ms)
Completed 200 OK in 36ms (Views: 34.2ms | ActiveRecord: 0.3ms)


Started GET "/tasks" for ::1 at 2019-11-26 23:14:58 +0900
Processing by TasksController#index as HTML
  Rendering tasks/index.html.slim within layouts/application
  [1m[36mTask Load (0.4ms)[0m  [1m[34mSELECT "tasks".* FROM "tasks"[0m
  â†³ app/views/tasks/index.html.slim:13
  Rendered tasks/index.html.slim within layouts/application (5.8ms)
Completed 200 OK in 32ms (Views: 30.6ms | ActiveRecord: 0.4ms)


Started GET "/tasks" for ::1 at 2019-11-26 23:18:48 +0900
Processing by TasksController#index as HTML
  Rendering tasks/index.html.slim within layouts/application
  [1m[36mTask Load (0.2ms)[0m  [1m[34mSELECT "tasks".* FROM "tasks"[0m
  â†³ app/views/tasks/index.html.slim:13
  Rendered tasks/index.html.slim within layouts/application (4.2ms)
Completed 200 OK in 28ms (Views: 27.1ms | ActiveRecord: 0.2ms)


Started GET "/tasks/new" for ::1 at 2019-11-26 23:18:49 +0900
Processing by TasksController#new as HTML
  Rendering tasks/new.html.slim within layouts/application
  Rendered tasks/_form.html.slim (4.8ms)
  Rendered tasks/new.html.slim within layouts/application (9.5ms)
Completed 200 OK in 44ms (Views: 41.9ms | ActiveRecord: 0.0ms)


Started GET "/tasks" for ::1 at 2019-11-26 23:18:51 +0900
Processing by TasksController#index as HTML
  Rendering tasks/index.html.slim within layouts/application
  [1m[36mTask Load (0.3ms)[0m  [1m[34mSELECT "tasks".* FROM "tasks"[0m
  â†³ app/views/tasks/index.html.slim:13
  Rendered tasks/index.html.slim within layouts/application (5.7ms)
Completed 200 OK in 38ms (Views: 36.4ms | ActiveRecord: 0.3ms)


Started GET "/tasks/2/edit" for ::1 at 2019-11-26 23:18:52 +0900
Processing by TasksController#edit as HTML
  Parameters: {"id"=>"2"}
  [1m[36mTask Load (0.4ms)[0m  [1m[34mSELECT  "tasks".* FROM "tasks" WHERE "tasks"."id" = $1 LIMIT $2[0m  [["id", 2], ["LIMIT", 1]]
  â†³ app/controllers/tasks_controller.rb:15
  Rendering tasks/edit.html.slim within layouts/application
  Rendered tasks/_form.html.slim (4.2ms)
  Rendered tasks/edit.html.slim within layouts/application (7.5ms)
Completed 200 OK in 43ms (Views: 39.4ms | ActiveRecord: 0.4ms)


Started GET "/tasks" for ::1 at 2019-11-26 23:18:58 +0900
Processing by TasksController#index as HTML
  Rendering tasks/index.html.slim within layouts/application
  [1m[36mTask Load (0.3ms)[0m  [1m[34mSELECT "tasks".* FROM "tasks"[0m
  â†³ app/views/tasks/index.html.slim:13
  Rendered tasks/index.html.slim within layouts/application (7.4ms)
Completed 200 OK in 53ms (Views: 51.4ms | ActiveRecord: 0.3ms)


Started GET "/tasks/new" for ::1 at 2019-11-26 23:18:59 +0900
Processing by TasksController#new as HTML
  Rendering tasks/new.html.slim within layouts/application
  Rendered tasks/_form.html.slim (4.2ms)
  Rendered tasks/new.html.slim within layouts/application (8.5ms)
Completed 200 OK in 37ms (Views: 35.5ms | ActiveRecord: 0.0ms)


Started GET "/tasks" for ::1 at 2019-11-26 23:19:00 +0900
Processing by TasksController#index as HTML
  Rendering tasks/index.html.slim within layouts/application
  [1m[36mTask Load (0.4ms)[0m  [1m[34mSELECT "tasks".* FROM "tasks"[0m
  â†³ app/views/tasks/index.html.slim:13
  Rendered tasks/index.html.slim within layouts/application (6.5ms)
Completed 200 OK in 32ms (Views: 30.5ms | ActiveRecord: 0.4ms)


Started GET "/tasks" for ::1 at 2019-11-27 23:25:47 +0900
Processing by TasksController#index as HTML
  Rendering tasks/index.html.slim within layouts/application
  [1m[36mTask Load (42.3ms)[0m  [1m[34mSELECT "tasks".* FROM "tasks"[0m
  â†³ app/views/tasks/index.html.slim:13
  Rendered tasks/index.html.slim within layouts/application (67.8ms)
Completed 200 OK in 258ms (Views: 209.4ms | ActiveRecord: 42.3ms)


Started DELETE "/tasks/1" for ::1 at 2019-11-27 23:25:54 +0900
  
AbstractController::ActionNotFound (The action 'destroy' could not be found for TasksController):
  
actionpack (5.2.3) lib/abstract_controller/base.rb:129:in `process'
actionview (5.2.3) lib/action_view/rendering.rb:32:in `process'
actionpack (5.2.3) lib/action_controller/metal.rb:191:in `dispatch'
actionpack (5.2.3) lib/action_controller/metal.rb:252:in `dispatch'
actionpack (5.2.3) lib/action_dispatch/routing/route_set.rb:52:in `dispatch'
actionpack (5.2.3) lib/action_dispatch/routing/route_set.rb:34:in `serve'
actionpack (5.2.3) lib/action_dispatch/journey/router.rb:52:in `block in serve'
actionpack (5.2.3) lib/action_dispatch/journey/router.rb:35:in `each'
actionpack (5.2.3) lib/action_dispatch/journey/router.rb:35:in `serve'
actionpack (5.2.3) lib/action_dispatch/routing/route_set.rb:840:in `call'
rack (2.0.7) lib/rack/tempfile_reaper.rb:15:in `call'
rack (2.0.7) lib/rack/etag.rb:25:in `call'
rack (2.0.7) lib/rack/conditional_get.rb:38:in `call'
rack (2.0.7) lib/rack/head.rb:12:in `call'
actionpack (5.2.3) lib/action_dispatch/http/content_security_policy.rb:18:in `call'
rack (2.0.7) lib/rack/session/abstract/id.rb:232:in `context'
rack (2.0.7) lib/rack/session/abstract/id.rb:226:in `call'
actionpack (5.2.3) lib/action_dispatch/middleware/cookies.rb:670:in `call'
activerecord (5.2.3) lib/active_record/migration.rb:559:in `call'
actionpack (5.2.3) lib/action_dispatch/middleware/callbacks.rb:28:in `block in call'
activesupport (5.2.3) lib/active_support/callbacks.rb:98:in `run_callbacks'
actionpack (5.2.3) lib/action_dispatch/middleware/callbacks.rb:26:in `call'
actionpack (5.2.3) lib/action_dispatch/middleware/executor.rb:14:in `call'
actionpack (5.2.3) lib/action_dispatch/middleware/debug_exceptions.rb:61:in `call'
web-console (3.7.0) lib/web_console/middleware.rb:135:in `call_app'
web-console (3.7.0) lib/web_console/middleware.rb:30:in `block in call'
web-console (3.7.0) lib/web_console/middleware.rb:20:in `catch'
web-console (3.7.0) lib/web_console/middleware.rb:20:in `call'
actionpack (5.2.3) lib/action_dispatch/middleware/show_exceptions.rb:33:in `call'
railties (5.2.3) lib/rails/rack/logger.rb:38:in `call_app'
railties (5.2.3) lib/rails/rack/logger.rb:26:in `block in call'
activesupport (5.2.3) lib/active_support/tagged_logging.rb:71:in `block in tagged'
activesupport (5.2.3) lib/active_support/tagged_logging.rb:28:in `tagged'
activesupport (5.2.3) lib/active_support/tagged_logging.rb:71:in `tagged'
railties (5.2.3) lib/rails/rack/logger.rb:26:in `call'
sprockets-rails (3.2.1) lib/sprockets/rails/quiet_assets.rb:13:in `call'
actionpack (5.2.3) lib/action_dispatch/middleware/remote_ip.rb:81:in `call'
actionpack (5.2.3) lib/action_dispatch/middleware/request_id.rb:27:in `call'
rack (2.0.7) lib/rack/method_override.rb:22:in `call'
rack (2.0.7) lib/rack/runtime.rb:22:in `call'
activesupport (5.2.3) lib/active_support/cache/strategy/local_cache_middleware.rb:29:in `call'
actionpack (5.2.3) lib/action_dispatch/middleware/executor.rb:14:in `call'
actionpack (5.2.3) lib/action_dispatch/middleware/static.rb:127:in `call'
rack (2.0.7) lib/rack/sendfile.rb:111:in `call'
railties (5.2.3) lib/rails/engine.rb:524:in `call'
puma (3.12.1) lib/puma/configuration.rb:227:in `call'
puma (3.12.1) lib/puma/server.rb:660:in `handle_request'
puma (3.12.1) lib/puma/server.rb:474:in `process_client'
puma (3.12.1) lib/puma/server.rb:334:in `block in run'
puma (3.12.1) lib/puma/thread_pool.rb:135:in `block in spawn_thread'
Started GET "/tasks" for ::1 at 2019-11-27 23:25:59 +0900
Processing by TasksController#index as HTML
  Rendering tasks/index.html.slim within layouts/application
  [1m[36mTask Load (41.5ms)[0m  [1m[34mSELECT "tasks".* FROM "tasks"[0m
  â†³ app/views/tasks/index.html.slim:13
  Rendered tasks/index.html.slim within layouts/application (47.9ms)
Completed 200 OK in 76ms (Views: 33.1ms | ActiveRecord: 41.5ms)


Started GET "/tasks" for ::1 at 2019-11-27 23:27:12 +0900
Processing by TasksController#index as HTML
  Rendering tasks/index.html.slim within layouts/application
  [1m[36mTask Load (0.2ms)[0m  [1m[34mSELECT "tasks".* FROM "tasks"[0m
  â†³ app/views/tasks/index.html.slim:13
  Rendered tasks/index.html.slim within layouts/application (5.0ms)
Completed 200 OK in 78ms (Views: 76.3ms | ActiveRecord: 0.2ms)


Started GET "/tasks/1/edit" for ::1 at 2019-11-27 23:27:13 +0900
Processing by TasksController#edit as HTML
  Parameters: {"id"=>"1"}
  [1m[36mTask Load (0.2ms)[0m  [1m[34mSELECT  "tasks".* FROM "tasks" WHERE "tasks"."id" = $1 LIMIT $2[0m  [["id", 1], ["LIMIT", 1]]
  â†³ app/controllers/tasks_controller.rb:15
  Rendering tasks/edit.html.slim within layouts/application
  Rendered tasks/_form.html.slim (4.5ms)
  Rendered tasks/edit.html.slim within layouts/application (9.1ms)
Completed 200 OK in 42ms (Views: 39.7ms | ActiveRecord: 0.4ms)


Started GET "/tasks" for ::1 at 2019-11-27 23:27:16 +0900
Processing by TasksController#index as HTML
  Rendering tasks/index.html.slim within layouts/application
  [1m[36mTask Load (0.3ms)[0m  [1m[34mSELECT "tasks".* FROM "tasks"[0m
  â†³ app/views/tasks/index.html.slim:13
  Rendered tasks/index.html.slim within layouts/application (5.1ms)
Completed 200 OK in 32ms (Views: 31.2ms | ActiveRecord: 0.3ms)


Started GET "/tasks/new" for ::1 at 2019-11-27 23:27:19 +0900
Processing by TasksController#new as HTML
  Rendering tasks/new.html.slim within layouts/application
  Rendered tasks/_form.html.slim (4.8ms)
  Rendered tasks/new.html.slim within layouts/application (7.8ms)
Completed 200 OK in 34ms (Views: 32.0ms | ActiveRecord: 0.0ms)


Started GET "/tasks" for ::1 at 2019-11-27 23:27:20 +0900
Processing by TasksController#index as HTML
  Rendering tasks/index.html.slim within layouts/application
  [1m[36mTask Load (0.2ms)[0m  [1m[34mSELECT "tasks".* FROM "tasks"[0m
  â†³ app/views/tasks/index.html.slim:13
  Rendered tasks/index.html.slim within layouts/application (5.1ms)
Completed 200 OK in 37ms (Views: 35.5ms | ActiveRecord: 0.2ms)


Started GET "/tasks/1/edit" for ::1 at 2019-11-27 23:27:28 +0900
Processing by TasksController#edit as HTML
  Parameters: {"id"=>"1"}
  [1m[36mTask Load (0.3ms)[0m  [1m[34mSELECT  "tasks".* FROM "tasks" WHERE "tasks"."id" = $1 LIMIT $2[0m  [["id", 1], ["LIMIT", 1]]
  â†³ app/controllers/tasks_controller.rb:15
  Rendering tasks/edit.html.slim within layouts/application
  Rendered tasks/_form.html.slim (5.4ms)
  Rendered tasks/edit.html.slim within layouts/application (10.3ms)
Completed 200 OK in 40ms (Views: 38.5ms | ActiveRecord: 0.3ms)


Started GET "/tasks" for ::1 at 2019-11-27 23:27:30 +0900
Processing by TasksController#index as HTML
  Rendering tasks/index.html.slim within layouts/application
  [1m[36mTask Load (0.2ms)[0m  [1m[34mSELECT "tasks".* FROM "tasks"[0m
  â†³ app/views/tasks/index.html.slim:13
  Rendered tasks/index.html.slim within layouts/application (7.0ms)
Completed 200 OK in 56ms (Views: 55.3ms | ActiveRecord: 0.2ms)


Started GET "/tasks" for ::1 at 2019-11-27 23:28:14 +0900
Processing by TasksController#index as HTML
  Rendering tasks/index.html.slim within layouts/application
  [1m[36mTask Load (0.6ms)[0m  [1m[34mSELECT "tasks".* FROM "tasks"[0m
  â†³ app/views/tasks/index.html.slim:13
  Rendered tasks/index.html.slim within layouts/application (6.9ms)
Completed 200 OK in 32ms (Views: 30.2ms | ActiveRecord: 0.6ms)


Started GET "/tasks/1/edit" for ::1 at 2019-11-27 23:28:15 +0900
Processing by TasksController#edit as HTML
  Parameters: {"id"=>"1"}
  [1m[36mTask Load (0.2ms)[0m  [1m[34mSELECT  "tasks".* FROM "tasks" WHERE "tasks"."id" = $1 LIMIT $2[0m  [["id", 1], ["LIMIT", 1]]
  â†³ app/controllers/tasks_controller.rb:15
  Rendering tasks/edit.html.slim within layouts/application
  Rendered tasks/_form.html.slim (5.2ms)
  Rendered tasks/edit.html.slim within layouts/application (8.4ms)
Completed 200 OK in 33ms (Views: 31.4ms | ActiveRecord: 0.2ms)


Started GET "/tasks" for ::1 at 2019-11-27 23:28:18 +0900
Processing by TasksController#index as HTML
  Rendering tasks/index.html.slim within layouts/application
  [1m[36mTask Load (0.2ms)[0m  [1m[34mSELECT "tasks".* FROM "tasks"[0m
  â†³ app/views/tasks/index.html.slim:13
  Rendered tasks/index.html.slim within layouts/application (4.9ms)
Completed 200 OK in 32ms (Views: 30.2ms | ActiveRecord: 0.2ms)


Started GET "/tasks/1/edit" for ::1 at 2019-11-27 23:28:42 +0900
Processing by TasksController#edit as HTML
  Parameters: {"id"=>"1"}
  [1m[36mTask Load (0.3ms)[0m  [1m[34mSELECT  "tasks".* FROM "tasks" WHERE "tasks"."id" = $1 LIMIT $2[0m  [["id", 1], ["LIMIT", 1]]
  â†³ app/controllers/tasks_controller.rb:15
  Rendering tasks/edit.html.slim within layouts/application
  Rendered tasks/_form.html.slim (4.2ms)
  Rendered tasks/edit.html.slim within layouts/application (9.8ms)
Completed 200 OK in 35ms (Views: 33.1ms | ActiveRecord: 0.3ms)


Started PATCH "/tasks/1" for ::1 at 2019-11-27 23:28:49 +0900
Processing by TasksController#update as HTML
  Parameters: {"utf8"=>"âœ“", "authenticity_token"=>"phe0tEF4s4t7Z+X7yxEtLkTSj5rL0T5NdIeBKmJrnMBX6z99uHnVF/5F0RXXNiYsOe3BtjK6+zZ2D2MBuZ9CWg==", "task"=>{"name"=>"ãƒ†ã‚¹ãƒˆ1", "description"=>"ãƒ†ã‚¹ãƒˆæŠ•ç¨¿\r\nä¿®æ­£å¾Œ"}, "commit"=>"æ›´æ–°ã™ã‚‹", "id"=>"1"}
  [1m[36mTask Load (0.2ms)[0m  [1m[34mSELECT  "tasks".* FROM "tasks" WHERE "tasks"."id" = $1 LIMIT $2[0m  [["id", 1], ["LIMIT", 1]]
  â†³ app/controllers/tasks_controller.rb:19
  [1m[35m (0.1ms)[0m  [1m[35mBEGIN[0m
  â†³ app/controllers/tasks_controller.rb:20
  [1m[35m (0.1ms)[0m  [1m[35mCOMMIT[0m
  â†³ app/controllers/tasks_controller.rb:20
Redirected to http://localhost:3000/tasks
Completed 302 Found in 11ms (ActiveRecord: 0.4ms)


Started GET "/tasks" for ::1 at 2019-11-27 23:28:49 +0900
Processing by TasksController#index as HTML
  Rendering tasks/index.html.slim within layouts/application
  [1m[36mTask Load (0.2ms)[0m  [1m[34mSELECT "tasks".* FROM "tasks"[0m
  â†³ app/views/tasks/index.html.slim:13
  Rendered tasks/index.html.slim within layouts/application (4.2ms)
Completed 200 OK in 27ms (Views: 26.1ms | ActiveRecord: 0.2ms)


Started GET "/tasks/1/edit" for ::1 at 2019-11-27 23:28:50 +0900
Processing by TasksController#edit as HTML
  Parameters: {"id"=>"1"}
  [1m[36mTask Load (0.2ms)[0m  [1m[34mSELECT  "tasks".* FROM "tasks" WHERE "tasks"."id" = $1 LIMIT $2[0m  [["id", 1], ["LIMIT", 1]]
  â†³ app/controllers/tasks_controller.rb:15
  Rendering tasks/edit.html.slim within layouts/application
  Rendered tasks/_form.html.slim (5.3ms)
  Rendered tasks/edit.html.slim within layouts/application (8.5ms)
Completed 200 OK in 34ms (Views: 32.2ms | ActiveRecord: 0.2ms)


Started GET "/tasks" for ::1 at 2019-11-27 23:28:52 +0900
Processing by TasksController#index as HTML
  Rendering tasks/index.html.slim within layouts/application
  [1m[36mTask Load (0.4ms)[0m  [1m[34mSELECT "tasks".* FROM "tasks"[0m
  â†³ app/views/tasks/index.html.slim:13
  Rendered tasks/index.html.slim within layouts/application (8.2ms)
Completed 200 OK in 34ms (Views: 32.3ms | ActiveRecord: 0.4ms)


Started GET "/tasks/new" for ::1 at 2019-11-27 23:28:53 +0900
Processing by TasksController#new as HTML
  Rendering tasks/new.html.slim within layouts/application
  Rendered tasks/_form.html.slim (6.1ms)
  Rendered tasks/new.html.slim within layouts/application (9.0ms)
Completed 200 OK in 50ms (Views: 48.4ms | ActiveRecord: 0.0ms)


Started GET "/tasks" for ::1 at 2019-11-27 23:28:55 +0900
Processing by TasksController#index as HTML
  Rendering tasks/index.html.slim within layouts/application
  [1m[36mTask Load (0.3ms)[0m  [1m[34mSELECT "tasks".* FROM "tasks"[0m
  â†³ app/views/tasks/index.html.slim:13
  Rendered tasks/index.html.slim within layouts/application (4.7ms)
Completed 200 OK in 29ms (Views: 27.7ms | ActiveRecord: 0.3ms)


Started GET "/tasks" for ::1 at 2019-11-27 23:29:15 +0900
Processing by TasksController#index as HTML
  Rendering tasks/index.html.slim within layouts/application
  [1m[36mTask Load (0.3ms)[0m  [1m[34mSELECT "tasks".* FROM "tasks"[0m
  â†³ app/views/tasks/index.html.slim:13
  Rendered tasks/index.html.slim within layouts/application (4.1ms)
Completed 200 OK in 75ms (Views: 73.4ms | ActiveRecord: 0.3ms)


Started GET "/tasks/2/edit" for ::1 at 2019-11-27 23:29:16 +0900
Processing by TasksController#edit as HTML
  Parameters: {"id"=>"2"}
  [1m[36mTask Load (1.4ms)[0m  [1m[34mSELECT  "tasks".* FROM "tasks" WHERE "tasks"."id" = $1 LIMIT $2[0m  [["id", 2], ["LIMIT", 1]]
  â†³ app/controllers/tasks_controller.rb:15
  Rendering tasks/edit.html.slim within layouts/application
  Rendered tasks/_form.html.slim (3.3ms)
  Rendered tasks/edit.html.slim within layouts/application (7.7ms)
Completed 200 OK in 36ms (Views: 31.9ms | ActiveRecord: 1.5ms)


Started GET "/tasks" for ::1 at 2019-11-27 23:29:18 +0900
Processing by TasksController#index as HTML
  Rendering tasks/index.html.slim within layouts/application
  [1m[36mTask Load (0.5ms)[0m  [1m[34mSELECT "tasks".* FROM "tasks"[0m
  â†³ app/views/tasks/index.html.slim:13
  Rendered tasks/index.html.slim within layouts/application (5.4ms)
Completed 200 OK in 28ms (Views: 26.4ms | ActiveRecord: 0.5ms)


Started GET "/tasks/1/edit" for ::1 at 2019-11-27 23:29:31 +0900
Processing by TasksController#edit as HTML
  Parameters: {"id"=>"1"}
  [1m[36mTask Load (0.3ms)[0m  [1m[34mSELECT  "tasks".* FROM "tasks" WHERE "tasks"."id" = $1 LIMIT $2[0m  [["id", 1], ["LIMIT", 1]]
  â†³ app/controllers/tasks_controller.rb:15
  Rendering tasks/edit.html.slim within layouts/application
  Rendered tasks/_form.html.slim (4.7ms)
  Rendered tasks/edit.html.slim within layouts/application (8.2ms)
Completed 200 OK in 34ms (Views: 32.5ms | ActiveRecord: 0.3ms)


Started GET "/tasks" for ::1 at 2019-11-27 23:30:26 +0900
Processing by TasksController#index as HTML
  Rendering tasks/index.html.slim within layouts/application
  [1m[36mTask Load (0.4ms)[0m  [1m[34mSELECT "tasks".* FROM "tasks"[0m
  â†³ app/views/tasks/index.html.slim:13
  Rendered tasks/index.html.slim within layouts/application (5.9ms)
Completed 200 OK in 32ms (Views: 30.7ms | ActiveRecord: 0.4ms)


Started GET "/tasks/1" for ::1 at 2019-11-27 23:30:28 +0900
Processing by TasksController#show as HTML
  Parameters: {"id"=>"1"}
  [1m[36mTask Load (0.3ms)[0m  [1m[34mSELECT  "tasks".* FROM "tasks" WHERE "tasks"."id" = $1 LIMIT $2[0m  [["id", 1], ["LIMIT", 1]]
  â†³ app/controllers/tasks_controller.rb:7
  Rendering tasks/show.html.slim within layouts/application
  Rendered tasks/show.html.slim within layouts/application (5.8ms)
Completed 200 OK in 50ms (Views: 46.2ms | ActiveRecord: 0.3ms)


Started DELETE "/tasks/1" for ::1 at 2019-11-27 23:30:34 +0900
  
AbstractController::ActionNotFound (The action 'destroy' could not be found for TasksController):
  
actionpack (5.2.3) lib/abstract_controller/base.rb:129:in `process'
actionview (5.2.3) lib/action_view/rendering.rb:32:in `process'
actionpack (5.2.3) lib/action_controller/metal.rb:191:in `dispatch'
actionpack (5.2.3) lib/action_controller/metal.rb:252:in `dispatch'
actionpack (5.2.3) lib/action_dispatch/routing/route_set.rb:52:in `dispatch'
actionpack (5.2.3) lib/action_dispatch/routing/route_set.rb:34:in `serve'
actionpack (5.2.3) lib/action_dispatch/journey/router.rb:52:in `block in serve'
actionpack (5.2.3) lib/action_dispatch/journey/router.rb:35:in `each'
actionpack (5.2.3) lib/action_dispatch/journey/router.rb:35:in `serve'
actionpack (5.2.3) lib/action_dispatch/routing/route_set.rb:840:in `call'
rack (2.0.7) lib/rack/tempfile_reaper.rb:15:in `call'
rack (2.0.7) lib/rack/etag.rb:25:in `call'
rack (2.0.7) lib/rack/conditional_get.rb:38:in `call'
rack (2.0.7) lib/rack/head.rb:12:in `call'
actionpack (5.2.3) lib/action_dispatch/http/content_security_policy.rb:18:in `call'
rack (2.0.7) lib/rack/session/abstract/id.rb:232:in `context'
rack (2.0.7) lib/rack/session/abstract/id.rb:226:in `call'
actionpack (5.2.3) lib/action_dispatch/middleware/cookies.rb:670:in `call'
activerecord (5.2.3) lib/active_record/migration.rb:559:in `call'
actionpack (5.2.3) lib/action_dispatch/middleware/callbacks.rb:28:in `block in call'
activesupport (5.2.3) lib/active_support/callbacks.rb:98:in `run_callbacks'
actionpack (5.2.3) lib/action_dispatch/middleware/callbacks.rb:26:in `call'
actionpack (5.2.3) lib/action_dispatch/middleware/executor.rb:14:in `call'
actionpack (5.2.3) lib/action_dispatch/middleware/debug_exceptions.rb:61:in `call'
web-console (3.7.0) lib/web_console/middleware.rb:135:in `call_app'
web-console (3.7.0) lib/web_console/middleware.rb:30:in `block in call'
web-console (3.7.0) lib/web_console/middleware.rb:20:in `catch'
web-console (3.7.0) lib/web_console/middleware.rb:20:in `call'
actionpack (5.2.3) lib/action_dispatch/middleware/show_exceptions.rb:33:in `call'
railties (5.2.3) lib/rails/rack/logger.rb:38:in `call_app'
railties (5.2.3) lib/rails/rack/logger.rb:26:in `block in call'
activesupport (5.2.3) lib/active_support/tagged_logging.rb:71:in `block in tagged'
activesupport (5.2.3) lib/active_support/tagged_logging.rb:28:in `tagged'
activesupport (5.2.3) lib/active_support/tagged_logging.rb:71:in `tagged'
railties (5.2.3) lib/rails/rack/logger.rb:26:in `call'
sprockets-rails (3.2.1) lib/sprockets/rails/quiet_assets.rb:13:in `call'
actionpack (5.2.3) lib/action_dispatch/middleware/remote_ip.rb:81:in `call'
actionpack (5.2.3) lib/action_dispatch/middleware/request_id.rb:27:in `call'
rack (2.0.7) lib/rack/method_override.rb:22:in `call'
rack (2.0.7) lib/rack/runtime.rb:22:in `call'
activesupport (5.2.3) lib/active_support/cache/strategy/local_cache_middleware.rb:29:in `call'
actionpack (5.2.3) lib/action_dispatch/middleware/executor.rb:14:in `call'
actionpack (5.2.3) lib/action_dispatch/middleware/static.rb:127:in `call'
rack (2.0.7) lib/rack/sendfile.rb:111:in `call'
railties (5.2.3) lib/rails/engine.rb:524:in `call'
puma (3.12.1) lib/puma/configuration.rb:227:in `call'
puma (3.12.1) lib/puma/server.rb:660:in `handle_request'
puma (3.12.1) lib/puma/server.rb:474:in `process_client'
puma (3.12.1) lib/puma/server.rb:334:in `block in run'
puma (3.12.1) lib/puma/thread_pool.rb:135:in `block in spawn_thread'
Started GET "/tasks" for ::1 at 2019-11-27 23:30:36 +0900
Processing by TasksController#index as HTML
  Rendering tasks/index.html.slim within layouts/application
  [1m[36mTask Load (0.3ms)[0m  [1m[34mSELECT "tasks".* FROM "tasks"[0m
  â†³ app/views/tasks/index.html.slim:13
  Rendered tasks/index.html.slim within layouts/application (4.1ms)
Completed 200 OK in 29ms (Views: 27.1ms | ActiveRecord: 0.3ms)


Started GET "/tasks/1/edit" for ::1 at 2019-11-27 23:30:38 +0900
Processing by TasksController#edit as HTML
  Parameters: {"id"=>"1"}
  [1m[36mTask Load (0.2ms)[0m  [1m[34mSELECT  "tasks".* FROM "tasks" WHERE "tasks"."id" = $1 LIMIT $2[0m  [["id", 1], ["LIMIT", 1]]
  â†³ app/controllers/tasks_controller.rb:15
  Rendering tasks/edit.html.slim within layouts/application
  Rendered tasks/_form.html.slim (4.1ms)
  Rendered tasks/edit.html.slim within layouts/application (8.0ms)
Completed 200 OK in 32ms (Views: 30.5ms | ActiveRecord: 0.2ms)


Started GET "/tasks" for ::1 at 2019-11-27 23:30:39 +0900
Processing by TasksController#index as HTML
  Rendering tasks/index.html.slim within layouts/application
  [1m[36mTask Load (0.3ms)[0m  [1m[34mSELECT "tasks".* FROM "tasks"[0m
  â†³ app/views/tasks/index.html.slim:13
  Rendered tasks/index.html.slim within layouts/application (5.7ms)
Completed 200 OK in 30ms (Views: 28.5ms | ActiveRecord: 0.3ms)


Started GET "/tasks/1" for ::1 at 2019-11-27 23:30:40 +0900
Processing by TasksController#show as HTML
  Parameters: {"id"=>"1"}
  [1m[36mTask Load (0.3ms)[0m  [1m[34mSELECT  "tasks".* FROM "tasks" WHERE "tasks"."id" = $1 LIMIT $2[0m  [["id", 1], ["LIMIT", 1]]
  â†³ app/controllers/tasks_controller.rb:7
  Rendering tasks/show.html.slim within layouts/application
  Rendered tasks/show.html.slim within layouts/application (5.1ms)
Completed 200 OK in 31ms (Views: 29.0ms | ActiveRecord: 0.3ms)


Started GET "/tasks" for ::1 at 2019-11-27 23:32:23 +0900
Processing by TasksController#index as HTML
  Rendering tasks/index.html.slim within layouts/application
  [1m[36mTask Load (0.3ms)[0m  [1m[34mSELECT "tasks".* FROM "tasks"[0m
  â†³ app/views/tasks/index.html.slim:13
  Rendered tasks/index.html.slim within layouts/application (69.3ms)
Completed 200 OK in 98ms (Views: 30.9ms | ActiveRecord: 59.3ms)


Started DELETE "/tasks/2" for ::1 at 2019-11-27 23:32:28 +0900
Processing by TasksController#destroy as HTML
  Parameters: {"authenticity_token"=>"8R+anvHCG1ERkOMH7gS5ODUD/Qz1Mno4sXVfVfGfx/oma4N4nLTW0AJOzk6oYfhAfr9GRzxX/2PzcR/AtctAaQ==", "id"=>"2"}
  [1m[36mTask Load (0.3ms)[0m  [1m[34mSELECT  "tasks".* FROM "tasks" WHERE "tasks"."id" = $1 LIMIT $2[0m  [["id", 2], ["LIMIT", 1]]
  â†³ app/controllers/tasks_controller.rb:25
  [1m[35m (0.1ms)[0m  [1m[35mBEGIN[0m
  â†³ app/controllers/tasks_controller.rb:26
  [1m[36mTask Destroy (41.8ms)[0m  [1m[31mDELETE FROM "tasks" WHERE "tasks"."id" = $1[0m  [["id", 2]]
  â†³ app/controllers/tasks_controller.rb:26
  [1m[35m (0.8ms)[0m  [1m[35mCOMMIT[0m
  â†³ app/controllers/tasks_controller.rb:26
Redirected to http://localhost:3000/tasks
Completed 302 Found in 48ms (ActiveRecord: 42.9ms)


Started GET "/tasks" for ::1 at 2019-11-27 23:32:28 +0900
Processing by TasksController#index as HTML
  Rendering tasks/index.html.slim within layouts/application
  [1m[36mTask Load (0.3ms)[0m  [1m[34mSELECT "tasks".* FROM "tasks"[0m
  â†³ app/views/tasks/index.html.slim:13
  Rendered tasks/index.html.slim within layouts/application (5.6ms)
Completed 200 OK in 47ms (Views: 45.9ms | ActiveRecord: 0.3ms)


Started GET "/tasks/1" for ::1 at 2019-11-27 23:32:32 +0900
Processing by TasksController#show as HTML
  Parameters: {"id"=>"1"}
  [1m[36mTask Load (0.2ms)[0m  [1m[34mSELECT  "tasks".* FROM "tasks" WHERE "tasks"."id" = $1 LIMIT $2[0m  [["id", 1], ["LIMIT", 1]]
  â†³ app/controllers/tasks_controller.rb:7
  Rendering tasks/show.html.slim within layouts/application
  Rendered tasks/show.html.slim within layouts/application (5.3ms)
Completed 200 OK in 29ms (Views: 27.8ms | ActiveRecord: 0.2ms)


Started DELETE "/tasks/1" for ::1 at 2019-11-27 23:32:35 +0900
Processing by TasksController#destroy as HTML
  Parameters: {"authenticity_token"=>"aya//v/ytKrpCI29nJnrdok1xetxUl9csCfxePAUc1u8UqYYkoR5K/rWoPTa/KoOwol+oLg32gfyI7HttED0yA==", "id"=>"1"}
  [1m[36mTask Load (0.2ms)[0m  [1m[34mSELECT  "tasks".* FROM "tasks" WHERE "tasks"."id" = $1 LIMIT $2[0m  [["id", 1], ["LIMIT", 1]]
  â†³ app/controllers/tasks_controller.rb:25
  [1m[35m (0.1ms)[0m  [1m[35mBEGIN[0m
  â†³ app/controllers/tasks_controller.rb:26
  [1m[36mTask Destroy (0.2ms)[0m  [1m[31mDELETE FROM "tasks" WHERE "tasks"."id" = $1[0m  [["id", 1]]
  â†³ app/controllers/tasks_controller.rb:26
  [1m[35m (0.7ms)[0m  [1m[35mCOMMIT[0m
  â†³ app/controllers/tasks_controller.rb:26
Redirected to http://localhost:3000/tasks
Completed 302 Found in 4ms (ActiveRecord: 1.2ms)


Started GET "/tasks" for ::1 at 2019-11-27 23:32:35 +0900
Processing by TasksController#index as HTML
  Rendering tasks/index.html.slim within layouts/application
  [1m[36mTask Load (0.2ms)[0m  [1m[34mSELECT "tasks".* FROM "tasks"[0m
  â†³ app/views/tasks/index.html.slim:13
  Rendered tasks/index.html.slim within layouts/application (4.6ms)
Completed 200 OK in 30ms (Views: 29.2ms | ActiveRecord: 0.2ms)


Started GET "/tasks/new" for ::1 at 2019-11-27 23:32:36 +0900
Processing by TasksController#new as HTML
  Rendering tasks/new.html.slim within layouts/application
  Rendered tasks/_form.html.slim (4.0ms)
  Rendered tasks/new.html.slim within layouts/application (7.3ms)
Completed 200 OK in 32ms (Views: 29.9ms | ActiveRecord: 0.0ms)


Started POST "/tasks" for ::1 at 2019-11-27 23:33:02 +0900
Processing by TasksController#create as HTML
  Parameters: {"utf8"=>"âœ“", "authenticity_token"=>"GLqTqGEKUUUYStFjevFadrIEVKlItqPKCermnvN3jESi5JyWci8FKeBnc1z+WBAUAmAvvGvo/gbSZp5h2kbKrw==", "task"=>{"name"=>"Railså­¦ç¿’", "description"=>""}, "commit"=>"ç™»éŒ²ã™ã‚‹"}
  [1m[35m (0.1ms)[0m  [1m[35mBEGIN[0m
  â†³ app/controllers/tasks_controller.rb:32
  [1m[36mTask Create (44.7ms)[0m  [1m[32mINSERT INTO "tasks" ("name", "description", "created_at", "updated_at") VALUES ($1, $2, $3, $4) RETURNING "id"[0m  [["name", "Railså­¦ç¿’"], ["description", ""], ["created_at", "2019-11-27 14:33:02.786915"], ["updated_at", "2019-11-27 14:33:02.786915"]]
  â†³ app/controllers/tasks_controller.rb:32
  [1m[35m (0.3ms)[0m  [1m[35mCOMMIT[0m
  â†³ app/controllers/tasks_controller.rb:32
Redirected to http://localhost:3000/tasks
Completed 302 Found in 48ms (ActiveRecord: 45.2ms)


Started GET "/tasks" for ::1 at 2019-11-27 23:33:02 +0900
Processing by TasksController#index as HTML
  Rendering tasks/index.html.slim within layouts/application
  [1m[36mTask Load (0.2ms)[0m  [1m[34mSELECT "tasks".* FROM "tasks"[0m
  â†³ app/views/tasks/index.html.slim:13
  Rendered tasks/index.html.slim within layouts/application (5.0ms)
Completed 200 OK in 29ms (Views: 27.4ms | ActiveRecord: 0.2ms)


Started GET "/tasks" for ::1 at 2019-11-28 08:24:22 +0900
Processing by TasksController#index as HTML
  Rendering tasks/index.html.slim within layouts/application
  [1m[36mTask Load (41.8ms)[0m  [1m[34mSELECT "tasks".* FROM "tasks"[0m
  â†³ app/views/tasks/index.html.slim:13
  Rendered tasks/index.html.slim within layouts/application (45.9ms)
Completed 200 OK in 129ms (Views: 85.3ms | ActiveRecord: 41.8ms)


